[debug] [2019-05-14T12:28:37.842Z] ----------------------------------------------------------------------
[debug] [2019-05-14T12:28:37.845Z] Command:       /usr/bin/node /usr/bin/firebase serve
[debug] [2019-05-14T12:28:37.845Z] CLI Version:   6.7.0
[debug] [2019-05-14T12:28:37.845Z] Platform:      linux
[debug] [2019-05-14T12:28:37.845Z] Node Version:  v11.14.0
[debug] [2019-05-14T12:28:37.845Z] Time:          Tue May 14 2019 14:28:37 GMT+0200 (South Africa Standard Time)
[debug] [2019-05-14T12:28:37.845Z] ----------------------------------------------------------------------
[debug] 
[debug] [2019-05-14T12:28:37.852Z] > command requires scopes: ["email","openid","https://www.googleapis.com/auth/cloudplatformprojects.readonly","https://www.googleapis.com/auth/firebase","https://www.googleapis.com/auth/cloud-platform"]
[debug] [2019-05-14T12:28:37.852Z] > authorizing via signed-in user
[debug] [2019-05-14T12:28:37.852Z] [iam] checking project firestore-lab-2f23a for permissions ["firebase.projects.get"]
[debug] [2019-05-14T12:28:37.854Z] >>> HTTP REQUEST POST https://cloudresourcemanager.googleapis.com/v1/projects/firestore-lab-2f23a:testIamPermissions  

[debug] [2019-05-14T12:28:40.138Z] <<< HTTP RESPONSE 200
[debug] [2019-05-14T12:28:40.141Z] >>> HTTP REQUEST GET https://cloudresourcemanager.googleapis.com/v1/projects/firestore-lab-2f23a  
 
[debug] [2019-05-14T12:28:42.243Z] <<< HTTP RESPONSE 200
[info] 
[info] === Serving from '/home/ry/pwa-training-labs/firestore-lab/project'...
[info] 
[debug] [2019-05-14T12:28:42.250Z] >>> HTTP REQUEST GET https://mobilesdk-pa.googleapis.com/v1/projects/70031514521/clients/_:getWebAppConfig  
 
[debug] [2019-05-14T12:28:43.138Z] <<< HTTP RESPONSE 200
[info] i  hosting: Serving hosting files from: ./
[info] ✔  hosting: Local server: http://localhost:5000
